<?xml version="1.0" encoding="UTF-8"?>
<!-- Generated by org.testng.reporters.JUnitXMLReporter -->
<testsuite ignored="20" hostname="DESKTOP-9LMV1LJ" failures="0" tests="1" name="Default test" time="23.09" errors="0" timestamp="2023-11-27T19:16:08 EST">
  <testcase classname="pagesTest.HomePageTest" name="scrollDownMethod" time="19.344"/>
  <testcase classname="pagesTest.HomePageTest" name="assertionTrueFalseofLogoIsDisplayed1" time="0.0">
    <ignored/>
  </testcase> <!-- assertionTrueFalseofLogoIsDisplayed1 -->
  <testcase classname="pagesTest.HomePageTest" name="openAnAccount" time="0.0">
    <ignored/>
  </testcase> <!-- openAnAccount -->
  <testcase classname="pagesTest.HomePageTest" name="clcikForgotIDandPass" time="0.0">
    <ignored/>
  </testcase> <!-- clcikForgotIDandPass -->
  <testcase classname="pagesTest.HomePageTest" name="getCurrentTitle" time="0.0">
    <ignored/>
  </testcase> <!-- getCurrentTitle -->
  <testcase classname="pagesTest.HomePageTest" name="useOfJavaScriptToClickMethod" time="0.0">
    <ignored/>
  </testcase> <!-- useOfJavaScriptToClickMethod -->
  <testcase classname="pagesTest.HomePageTest" name="dropdownMethod1" time="0.0">
    <ignored/>
  </testcase> <!-- dropdownMethod1 -->
  <testcase classname="pagesTest.HomePageTest" name="useOfNavigator" time="0.0">
    <ignored/>
  </testcase> <!-- useOfNavigator -->
  <testcase classname="pagesTest.HomePageTest" name="getTitleNameByHardAssert" time="0.0">
    <ignored/>
  </testcase> <!-- getTitleNameByHardAssert -->
  <testcase classname="pagesTest.HomePageTest" name="inputPasswordTest" time="0.0">
    <ignored/>
  </testcase> <!-- inputPasswordTest -->
  <testcase classname="pagesTest.HomePageTest" name="getTitleNameBySoftAssert" time="0.0">
    <ignored/>
  </testcase> <!-- getTitleNameBySoftAssert -->
  <testcase classname="pagesTest.HomePageTest" name="inputUserIDandPasswordandClickLogin2" time="0.0">
    <ignored/>
  </testcase> <!-- inputUserIDandPasswordandClickLogin2 -->
  <testcase classname="pagesTest.HomePageTest" name="mouseHooverAction" time="0.0">
    <ignored/>
  </testcase> <!-- mouseHooverAction -->
  <testcase classname="pagesTest.HomePageTest" name="inputUserIDAndPassInFieldTest" time="0.0">
    <ignored/>
  </testcase> <!-- inputUserIDAndPassInFieldTest -->
  <testcase classname="pagesTest.HomePageTest" name="inputTextInUserIDFieldTest" time="0.0">
    <ignored/>
  </testcase> <!-- inputTextInUserIDFieldTest -->
  <testcase classname="pagesTest.HomePageTest" name="clickLogInButtonTest" time="0.0">
    <ignored/>
  </testcase> <!-- clickLogInButtonTest -->
  <testcase classname="pagesTest.HomePageTest" name="assertionTrueFalseofLogoIsDisplayed2" time="0.0">
    <ignored/>
  </testcase> <!-- assertionTrueFalseofLogoIsDisplayed2 -->
  <testcase classname="pagesTest.HomePageTest" name="anotherDimensionWithNavigation" time="0.0">
    <ignored/>
  </testcase> <!-- anotherDimensionWithNavigation -->
  <testcase classname="pagesTest.HomePageTest" name="clickForgotPasswordByUsingOfEnterKeyFromLaptop" time="0.0">
    <ignored/>
  </testcase> <!-- clickForgotPasswordByUsingOfEnterKeyFromLaptop -->
  <testcase classname="pagesTest.HomePageTest" name="usingJavaScriptForSendKeysAndClickInLogIn" time="0.0">
    <ignored/>
  </testcase> <!-- usingJavaScriptForSendKeysAndClickInLogIn -->
  <testcase classname="pagesTest.HomePageTest" name="sizeOfTheWindow" time="0.0">
    <ignored/>
  </testcase> <!-- sizeOfTheWindow -->
</testsuite> <!-- Default test -->
