<?xml version="1.0" encoding="UTF-8"?>
<!-- Generated by org.testng.reporters.JUnitXMLReporter -->
<testsuite ignored="15" hostname="DESKTOP-9LMV1LJ" failures="0" tests="1" name="Default test" time="23.422" errors="0" timestamp="2023-11-24T12:45:17 EST">
  <testcase classname="pagesTest.HomePageTest" name="usingJavaScriptForSendKeysAndClickInLogIn" time="17.629"/>
  <testcase classname="pagesTest.HomePageTest" name="getTitleName" time="0.0">
    <ignored/>
  </testcase> <!-- getTitleName -->
  <testcase classname="pagesTest.HomePageTest" name="inputTextInUserIDFieldTest" time="0.0">
    <ignored/>
  </testcase> <!-- inputTextInUserIDFieldTest -->
  <testcase classname="pagesTest.HomePageTest" name="inputUserIDAndPassInFieldTest" time="0.0">
    <ignored/>
  </testcase> <!-- inputUserIDAndPassInFieldTest -->
  <testcase classname="pagesTest.HomePageTest" name="openAnAccount" time="0.0">
    <ignored/>
  </testcase> <!-- openAnAccount -->
  <testcase classname="pagesTest.HomePageTest" name="getCurrentTitle" time="0.0">
    <ignored/>
  </testcase> <!-- getCurrentTitle -->
  <testcase classname="pagesTest.HomePageTest" name="anotherDimensionWithNavigation" time="0.0">
    <ignored/>
  </testcase> <!-- anotherDimensionWithNavigation -->
  <testcase classname="pagesTest.HomePageTest" name="sizeOfTheWindow" time="0.0">
    <ignored/>
  </testcase> <!-- sizeOfTheWindow -->
  <testcase classname="pagesTest.HomePageTest" name="useOfNavigator" time="0.0">
    <ignored/>
  </testcase> <!-- useOfNavigator -->
  <testcase classname="pagesTest.HomePageTest" name="inputPasswordTest" time="0.0">
    <ignored/>
  </testcase> <!-- inputPasswordTest -->
  <testcase classname="pagesTest.HomePageTest" name="clickForgotPasswordByUsingOfEnterKeyFromLaptop" time="0.0">
    <ignored/>
  </testcase> <!-- clickForgotPasswordByUsingOfEnterKeyFromLaptop -->
  <testcase classname="pagesTest.HomePageTest" name="mouseHooverAction" time="0.0">
    <ignored/>
  </testcase> <!-- mouseHooverAction -->
  <testcase classname="pagesTest.HomePageTest" name="clickLogInButtonTest" time="0.0">
    <ignored/>
  </testcase> <!-- clickLogInButtonTest -->
  <testcase classname="pagesTest.HomePageTest" name="inputUserIDandPasswordandClickLogin2" time="0.0">
    <ignored/>
  </testcase> <!-- inputUserIDandPasswordandClickLogin2 -->
  <testcase classname="pagesTest.HomePageTest" name="useOfJavaScriptToClickMethod" time="0.0">
    <ignored/>
  </testcase> <!-- useOfJavaScriptToClickMethod -->
  <testcase classname="pagesTest.HomePageTest" name="clcikForgotIDandPass" time="0.0">
    <ignored/>
  </testcase> <!-- clcikForgotIDandPass -->
</testsuite> <!-- Default test -->
