<?xml version="1.0" encoding="UTF-8"?>
<testng-results ignored="0" total="1" passed="1" failed="0" skipped="0">
  <reporter-output>
  </reporter-output>
  <suite started-at="2023-11-24T12:44:54 EST" name="Default suite" finished-at="2023-11-24T12:45:17 EST" duration-ms="23422">
    <groups>
    </groups>
    <test started-at="2023-11-24T12:44:54 EST" name="Default test" finished-at="2023-11-24T12:45:17 EST" duration-ms="23422">
      <class name="pagesTest.HomePageTest">
        <test-method is-config="true" signature="setUp()[pri:0, instance:pagesTest.HomePageTest@644baf4a]" started-at="2023-11-24T12:44:54 EST" name="setUp" finished-at="2023-11-24T12:44:59 EST" duration-ms="5278" status="PASS">
          <reporter-output>
          </reporter-output>
        </test-method> <!-- setUp -->
        <test-method signature="usingJavaScriptForSendKeysAndClickInLogIn()[pri:0, instance:pagesTest.HomePageTest@644baf4a]" started-at="2023-11-24T12:44:59 EST" name="usingJavaScriptForSendKeysAndClickInLogIn" finished-at="2023-11-24T12:45:17 EST" duration-ms="17629" status="PASS">
          <reporter-output>
          </reporter-output>
        </test-method> <!-- usingJavaScriptForSendKeysAndClickInLogIn -->
        <test-method is-config="true" signature="tearUp()[pri:0, instance:pagesTest.HomePageTest@644baf4a]" started-at="2023-11-24T12:45:17 EST" name="tearUp" finished-at="2023-11-24T12:45:17 EST" duration-ms="440" status="PASS">
          <reporter-output>
          </reporter-output>
        </test-method> <!-- tearUp -->
      </class> <!-- pagesTest.HomePageTest -->
    </test> <!-- Default test -->
  </suite> <!-- Default suite -->
</testng-results>
